Using pre-set license
Built from '2021.3/release' branch; Version is '2021.3.17f1 (3e8111cac19d) revision 4096273'; Using compiler version '192829333'; Build Type 'Release'
OS: 'Windows 10  (10.0.19044) 64bit Professional' Language: 'en' Physical Memory: 16165 MB
BatchMode: 1, IsHumanControllingUs: 0, StartBugReporterOnCrash: 0, Is64bit: 1, IsPro: 1

COMMAND LINE ARGUMENTS:
C:\Program Files\Unity\Hub\Editor\2021.3.17f1\Editor\Unity.exe
-adb2
-batchMode
-noUpm
-name
AssetImportWorker1
-projectPath
E:/andre repository/New folder/zombie-game/My project
-logFile
Logs/AssetImportWorker1.log
-srvPort
53330
Successfully changed project path to: E:/andre repository/New folder/zombie-game/My project
E:/andre repository/New folder/zombie-game/My project
[UnityMemory] Configuration Parameters - Can be set up in boot.config
    "memorysetup-bucket-allocator-granularity=16"
    "memorysetup-bucket-allocator-bucket-count=8"
    "memorysetup-bucket-allocator-block-size=33554432"
    "memorysetup-bucket-allocator-block-count=8"
    "memorysetup-main-allocator-block-size=16777216"
    "memorysetup-thread-allocator-block-size=16777216"
    "memorysetup-gfx-main-allocator-block-size=16777216"
    "memorysetup-gfx-thread-allocator-block-size=16777216"
    "memorysetup-cache-allocator-block-size=4194304"
    "memorysetup-typetree-allocator-block-size=2097152"
    "memorysetup-profiler-bucket-allocator-granularity=16"
    "memorysetup-profiler-bucket-allocator-bucket-count=8"
    "memorysetup-profiler-bucket-allocator-block-size=33554432"
    "memorysetup-profiler-bucket-allocator-block-count=8"
    "memorysetup-profiler-allocator-block-size=16777216"
    "memorysetup-profiler-editor-allocator-block-size=1048576"
    "memorysetup-temp-allocator-size-main=16777216"
    "memorysetup-job-temp-allocator-block-size=2097152"
    "memorysetup-job-temp-allocator-block-size-background=1048576"
    "memorysetup-job-temp-allocator-reduction-small-platforms=262144"
    "memorysetup-temp-allocator-size-background-worker=32768"
    "memorysetup-temp-allocator-size-job-worker=262144"
    "memorysetup-temp-allocator-size-preload-manager=33554432"
    "memorysetup-temp-allocator-size-nav-mesh-worker=65536"
    "memorysetup-temp-allocator-size-audio-worker=65536"
    "memorysetup-temp-allocator-size-cloud-worker=32768"
    "memorysetup-temp-allocator-size-gi-baking-worker=262144"
    "memorysetup-temp-allocator-size-gfx=262144"
Player connection [3500] Host "[IP] 10.70.24.59 [Port] 0 [Flags] 2 [Guid] 3848741781 [EditorId] 3848741781 [Version] 1048832 [Id] WindowsEditor(7,MHCTE-205-10) [Debug] 1 [PackageName] WindowsEditor [ProjectName] Editor" joined multi-casting on [225.0.0.222:54997]...

Player connection [3500] Host "[IP] 10.70.24.59 [Port] 0 [Flags] 2 [Guid] 3848741781 [EditorId] 3848741781 [Version] 1048832 [Id] WindowsEditor(7,MHCTE-205-10) [Debug] 1 [PackageName] WindowsEditor [ProjectName] Editor" joined alternative multi-casting on [225.0.0.222:34997]...

Refreshing native plugins compatible for Editor in 73.56 ms, found 0 plugins.
Preloading 0 native plugins for Editor in 0.00 ms.
Initialize engine version: 2021.3.17f1 (3e8111cac19d)
[Subsystems] Discovering subsystems at path C:/Program Files/Unity/Hub/Editor/2021.3.17f1/Editor/Data/Resources/UnitySubsystems
[Subsystems] Discovering subsystems at path E:/andre repository/New folder/zombie-game/My project/Assets
GfxDevice: creating device client; threaded=0; jobified=0
Direct3D:
    Version:  Direct3D 11.0 [level 11.1]
    Renderer: AMD Radeon RX 550 (ID=0x699f)
    Vendor:   ATI
    VRAM:     4076 MB
    Driver:   30.0.13023.4001
Initialize mono
Mono path[0] = 'C:/Program Files/Unity/Hub/Editor/2021.3.17f1/Editor/Data/Managed'
Mono path[1] = 'C:/Program Files/Unity/Hub/Editor/2021.3.17f1/Editor/Data/MonoBleedingEdge/lib/mono/unityjit-win32'
Mono config path = 'C:/Program Files/Unity/Hub/Editor/2021.3.17f1/Editor/Data/MonoBleedingEdge/etc'
Using monoOptions --debugger-agent=transport=dt_socket,embedding=1,server=y,suspend=n,address=127.0.0.1:56844
Begin MonoManager ReloadAssembly
Registering precompiled unity dll's ...
Register platform support module: C:/Program Files/Unity/Hub/Editor/2021.3.17f1/Editor/Data/PlaybackEngines/WindowsStandaloneSupport/UnityEditor.WindowsStandalone.Extensions.dll
Registered in 0.009577 seconds.
Native extension for WindowsStandalone target not found
Refreshing native plugins compatible for Editor in 72.16 ms, found 0 plugins.
Preloading 0 native plugins for Editor in 0.00 ms.
Mono: successfully reloaded assembly
- Completed reload, in  0.602 seconds
Domain Reload Profiling:
	ReloadAssembly (602ms)
		BeginReloadAssembly (83ms)
			ExecutionOrderSort (0ms)
			DisableScriptedObjects (0ms)
			BackupInstance (0ms)
			ReleaseScriptingObjects (0ms)
			CreateAndSetChildDomain (1ms)
		EndReloadAssembly (411ms)
			LoadAssemblies (78ms)
			RebuildTransferFunctionScriptingTraits (0ms)
			SetupTypeCache (91ms)
			ReleaseScriptCaches (0ms)
			RebuildScriptCaches (25ms)
			SetupLoadedEditorAssemblies (249ms)
				LogAssemblyErrors (0ms)
				InitializePlatformSupportModulesInManaged (8ms)
				SetLoadedEditorAssemblies (0ms)
				RefreshPlugins (72ms)
				BeforeProcessingInitializeOnLoad (1ms)
				ProcessInitializeOnLoadAttributes (126ms)
				ProcessInitializeOnLoadMethodAttributes (41ms)
				AfterProcessingInitializeOnLoad (0ms)
				EditorAssembliesLoaded (0ms)
			ExecutionOrderSort2 (0ms)
			AwakeInstancesAfterBackupRestoration (0ms)
Platform modules already initialized, skipping
Registering precompiled user dll's ...
Registered in 0.005340 seconds.
Begin MonoManager ReloadAssembly
Symbol file LoadedFromMemory doesn't match image E:\andre repository\New folder\zombie-game\My project\Library\PackageCache\com.unity.visualscripting@1.8.0\Editor\VisualScripting.Core\Dependencies\YamlDotNet\Unity.VisualScripting.YamlDotNet.dll
Symbol file LoadedFromMemory doesn't match image E:\andre repository\New folder\zombie-game\My project\Library\PackageCache\com.unity.visualscripting@1.8.0\Editor\VisualScripting.Core\Dependencies\DotNetZip\Unity.VisualScripting.IonicZip.dll
Native extension for WindowsStandalone target not found
Refreshing native plugins compatible for Editor in 0.90 ms, found 0 plugins.
Preloading 0 native plugins for Editor in 0.00 ms.
Mono: successfully reloaded assembly
- Completed reload, in  0.684 seconds
Domain Reload Profiling:
	ReloadAssembly (684ms)
		BeginReloadAssembly (111ms)
			ExecutionOrderSort (0ms)
			DisableScriptedObjects (5ms)
			BackupInstance (0ms)
			ReleaseScriptingObjects (0ms)
			CreateAndSetChildDomain (18ms)
		EndReloadAssembly (463ms)
			LoadAssemblies (74ms)
			RebuildTransferFunctionScriptingTraits (0ms)
			SetupTypeCache (181ms)
			ReleaseScriptCaches (0ms)
			RebuildScriptCaches (22ms)
			SetupLoadedEditorAssemblies (165ms)
				LogAssemblyErrors (0ms)
				InitializePlatformSupportModulesInManaged (7ms)
				SetLoadedEditorAssemblies (0ms)
				RefreshPlugins (1ms)
				BeforeProcessingInitializeOnLoad (39ms)
				ProcessInitializeOnLoadAttributes (88ms)
				ProcessInitializeOnLoadMethodAttributes (17ms)
				AfterProcessingInitializeOnLoad (13ms)
				EditorAssembliesLoaded (0ms)
			ExecutionOrderSort2 (0ms)
			AwakeInstancesAfterBackupRestoration (6ms)
Platform modules already initialized, skipping
========================================================================
Worker process is ready to serve import requests
Failed to load shader (instanceID 396, GUID 9c442dc870b456e48b615cd8add0e9ef)
Failed to load shader (instanceID 398, GUID 493b79ea9c9be44ed8b702014d3ac49c)
Launched and connected shader compiler UnityShaderCompiler.exe after 0.06 seconds
Refreshing native plugins compatible for Editor in 0.97 ms, found 0 plugins.
Preloading 0 native plugins for Editor in 0.00 ms.
Unloading 6 Unused Serialized files (Serialized files now loaded: 0)
Unloading 2 unused Assets / (47.7 KB). Loaded Objects now: 477.
Memory consumption went from 26.7 MB to 26.7 MB.
Total: 2.108400 ms (FindLiveObjects: 0.029400 ms CreateObjectMapping: 0.002700 ms MarkObjects: 1.987400 ms  DeleteObjects: 0.088400 ms)

AssetImportParameters requested are different than current active one (requested -> active):
  custom:video-decoder-ogg-theora: a1e56fd34408186e4bbccfd4996cb3dc -> 
  custom:container-muxer-webm: aa71ff27fc2769a1b78a27578f13a17b -> 
  custom:container-demuxer-webm: 4f35f7cbe854078d1ac9338744f61a02 -> 
  custom:video-encoder-webm-vp8: eb34c28f22e8b96e1ab97ce403110664 -> 
  custom:audio-encoder-webm-vorbis: bf7c407c2cedff20999df2af8eb42d56 -> 
  custom:framework-win-MediaFoundation: 216162199b28c13a410421893ffa2e32 -> 
  custom:container-demuxer-ogg: 62fdf1f143b41e24485cea50d1cbac27 -> 
  custom:video-decoder-webm-vp8: 9c59270c3fd7afecdb556c50c9e8de78 -> 
  custom:audio-decoder-ogg-vorbis: bf7c407c2cedff20999df2af8eb42d56 -> 
========================================================================
Received Import Request.
  Time since last request: 51889.925422 seconds.
  path: Assets/_TerrainAutoUpgrade/layer_Cliff_2_DiffuseCliff_2_Normaleda51f90c7f37482.terrainlayer
  artifactKey: Guid(ddb03c909ea423b43a5dc9a3f2dc221e) Importer(815301076,1909f56bfc062723c751e8b465ee728b)
Start importing Assets/_TerrainAutoUpgrade/layer_Cliff_2_DiffuseCliff_2_Normaleda51f90c7f37482.terrainlayer using Guid(ddb03c909ea423b43a5dc9a3f2dc221e) Importer(815301076,1909f56bfc062723c751e8b465ee728b)  -> (artifact id: '012026f40d2133c8d59a3b2859b55389') in 0.092308 seconds 
========================================================================
Received Import Request.
  Time since last request: 0.000019 seconds.
  path: Assets/_TerrainAutoUpgrade/layer_Dirt_1_DiffuseDirt_1_Normal2023054508611406.terrainlayer
  artifactKey: Guid(4800b3b2d9a42304aae94bce9b665aa0) Importer(815301076,1909f56bfc062723c751e8b465ee728b)
Start importing Assets/_TerrainAutoUpgrade/layer_Dirt_1_DiffuseDirt_1_Normal2023054508611406.terrainlayer using Guid(4800b3b2d9a42304aae94bce9b665aa0) Importer(815301076,1909f56bfc062723c751e8b465ee728b)  -> (artifact id: 'a226d76a76d53772f9f8efd0040b7140') in 0.018718 seconds 
========================================================================
Received Import Request.
  Time since last request: 0.000021 seconds.
  path: Assets/_TerrainAutoUpgrade/layer_Mossy_Rock_DiffuseMossy_Rock_Normal2023054508611406.terrainlayer
  artifactKey: Guid(d8ed2467a7544e0448bb74fdb7126888) Importer(815301076,1909f56bfc062723c751e8b465ee728b)
Start importing Assets/_TerrainAutoUpgrade/layer_Mossy_Rock_DiffuseMossy_Rock_Normal2023054508611406.terrainlayer using Guid(d8ed2467a7544e0448bb74fdb7126888) Importer(815301076,1909f56bfc062723c751e8b465ee728b)  -> (artifact id: 'a5c3a4bdfd1370b8444d9c6bcbf21d7d') in 0.015972 seconds 
========================================================================
Received Import Request.
  Time since last request: 0.000015 seconds.
  path: Assets/_TerrainAutoUpgrade/layer_Grass_1_DiffuseGrass_1_Normal2023054508611406.terrainlayer
  artifactKey: Guid(9f0e87aaa936689448a4e03755d7a9a4) Importer(815301076,1909f56bfc062723c751e8b465ee728b)
Start importing Assets/_TerrainAutoUpgrade/layer_Grass_1_DiffuseGrass_1_Normal2023054508611406.terrainlayer using Guid(9f0e87aaa936689448a4e03755d7a9a4) Importer(815301076,1909f56bfc062723c751e8b465ee728b)  -> (artifact id: '1a575a3ae819f89f64bce4a58dc184b3') in 0.014784 seconds 
========================================================================
Received Import Request.
  Time since last request: 5.263655 seconds.
  path: Assets/Free Island Collection/Environment/Terrain/Textures/Dirt_1/Dirt_1_Normal.png
  artifactKey: Guid(0ca6468d25898264ba4a05c519170642) Importer(815301076,1909f56bfc062723c751e8b465ee728b)
Start importing Assets/Free Island Collection/Environment/Terrain/Textures/Dirt_1/Dirt_1_Normal.png using Guid(0ca6468d25898264ba4a05c519170642) Importer(815301076,1909f56bfc062723c751e8b465ee728b)  -> (artifact id: '1d3fb779b576aba6abe340eae2410edc') in 0.066331 seconds 
========================================================================
Received Import Request.
  Time since last request: 4.550318 seconds.
  path: Assets/Free Island Collection/Environment/Skies/Sky.jpg
  artifactKey: Guid(927f1165e7b6f7b49bf1f8dbf6ad7a9d) Importer(815301076,1909f56bfc062723c751e8b465ee728b)
Start importing Assets/Free Island Collection/Environment/Skies/Sky.jpg using Guid(927f1165e7b6f7b49bf1f8dbf6ad7a9d) Importer(815301076,1909f56bfc062723c751e8b465ee728b)  -> (artifact id: '1a5cff1316291d08d6e9d9b679cbfc6c') in 0.037951 seconds 
========================================================================
Received Import Request.
  Time since last request: 14.170765 seconds.
  path: Assets/Free Island Collection/Environment/Terrain/Terrains/Terrain 2.asset
  artifactKey: Guid(68341d189870c82438df4aa82555e5bd) Importer(815301076,1909f56bfc062723c751e8b465ee728b)
Start importing Assets/Free Island Collection/Environment/Terrain/Terrains/Terrain 2.asset using Guid(68341d189870c82438df4aa82555e5bd) Importer(815301076,1909f56bfc062723c751e8b465ee728b)  -> (artifact id: '594848f118517af576ee4c7f682a8180') in 0.474456 seconds 
========================================================================
Received Import Request.
  Time since last request: 0.000026 seconds.
  path: Assets/Free Island Collection/Environment/Terrain/Terrains/Terrain 3.asset
  artifactKey: Guid(78008e4367245274f89317181626ef9c) Importer(815301076,1909f56bfc062723c751e8b465ee728b)
Start importing Assets/Free Island Collection/Environment/Terrain/Terrains/Terrain 3.asset using Guid(78008e4367245274f89317181626ef9c) Importer(815301076,1909f56bfc062723c751e8b465ee728b)  -> (artifact id: 'b4f03f2ecb053828f6126ab9d6b19a44') in 0.470907 seconds 
========================================================================
Received Import Request.
  Time since last request: 134.493575 seconds.
  path: Assets/Free Island Collection/Environment/Terrain/Textures/Grass_1/Grass_1_Normal.png
  artifactKey: Guid(e04faaa5f8d161d4491cd590cee62de9) Importer(815301076,1909f56bfc062723c751e8b465ee728b)
Start importing Assets/Free Island Collection/Environment/Terrain/Textures/Grass_1/Grass_1_Normal.png using Guid(e04faaa5f8d161d4491cd590cee62de9) Importer(815301076,1909f56bfc062723c751e8b465ee728b)  -> (artifact id: 'd82085e0a1af53888e81d1a75680fe59') in 0.026839 seconds 
========================================================================
Received Import Request.
  Time since last request: 20.761517 seconds.
  path: Assets/Free Island Collection/Environment/Terrain/Textures/Dirt_2/Dirt_2_Normal.png
  artifactKey: Guid(10d36c98009eb3740bbcec3a9475db29) Importer(815301076,1909f56bfc062723c751e8b465ee728b)
Start importing Assets/Free Island Collection/Environment/Terrain/Textures/Dirt_2/Dirt_2_Normal.png using Guid(10d36c98009eb3740bbcec3a9475db29) Importer(815301076,1909f56bfc062723c751e8b465ee728b)  -> (artifact id: 'b6e5aa7dc3a3eadc8ca134399394ee45') in 0.018752 seconds 
========================================================================
Received Import Request.
  Time since last request: 3.268684 seconds.
  path: Assets/Free Island Collection/Environment/Terrain/Textures/Grass_2/Grass_2_Normal.png
  artifactKey: Guid(75c92dfd7f5dc74438f91d1df59ac88c) Importer(815301076,1909f56bfc062723c751e8b465ee728b)
Start importing Assets/Free Island Collection/Environment/Terrain/Textures/Grass_2/Grass_2_Normal.png using Guid(75c92dfd7f5dc74438f91d1df59ac88c) Importer(815301076,1909f56bfc062723c751e8b465ee728b)  -> (artifact id: '08a4eae8e569bcc78043644a939b98b0') in 0.019654 seconds 
========================================================================
Received Import Request.
  Time since last request: 1.858871 seconds.
  path: Assets/Free Island Collection/Environment/Terrain/Textures/Mossy_Rock/Mossy_Rock_Normal.png
  artifactKey: Guid(59f60c0878b882d47aa2cdc4fad01ef9) Importer(815301076,1909f56bfc062723c751e8b465ee728b)
Start importing Assets/Free Island Collection/Environment/Terrain/Textures/Mossy_Rock/Mossy_Rock_Normal.png using Guid(59f60c0878b882d47aa2cdc4fad01ef9) Importer(815301076,1909f56bfc062723c751e8b465ee728b)  -> (artifact id: '1efbfc70d57ddeed8f92284e8da51af7') in 0.018904 seconds 
========================================================================
Received Import Request.
  Time since last request: 3.265431 seconds.
  path: Assets/Free Island Collection/Environment/Terrain/Textures/Sand/Sand_Normal.png
  artifactKey: Guid(4461133173c4c6f4699bb1d9e2d83ba4) Importer(815301076,1909f56bfc062723c751e8b465ee728b)
Start importing Assets/Free Island Collection/Environment/Terrain/Textures/Sand/Sand_Normal.png using Guid(4461133173c4c6f4699bb1d9e2d83ba4) Importer(815301076,1909f56bfc062723c751e8b465ee728b)  -> (artifact id: 'eda1624c2e66ee5e26e955dac7480dfb') in 0.018646 seconds 
